TN:
SF:H:\Development\JavascriptStarterKit\src\main.js
FN:4,(anonymous_1)
FN:7,(anonymous_2)
FN:11,(anonymous_3)
FN:15,(anonymous_4)
FN:19,(anonymous_5)
FN:21,(anonymous_6)
FNF:6
FNH:6
FNDA:1,(anonymous_1)
FNDA:1,(anonymous_2)
FNDA:1,(anonymous_3)
FNDA:1,(anonymous_4)
FNDA:1,(anonymous_5)
FNDA:4,(anonymous_6)
DA:4,1
DA:5,1
DA:7,1
DA:8,1
DA:11,1
DA:12,1
DA:15,1
DA:16,1
DA:19,1
DA:20,1
DA:21,1
DA:22,4
DA:24,1
LF:13
LH:13
BRF:0
BRH:0
end_of_record
TN:
SF:H:\Development\JavascriptStarterKit\src\util.js
FN:4,(anonymous_1)
FN:6,(anonymous_2)
FN:10,(anonymous_3)
FN:14,(anonymous_4)
FNF:4
FNH:2
FNDA:1,(anonymous_1)
FNDA:0,(anonymous_2)
FNDA:0,(anonymous_3)
FNDA:4,(anonymous_4)
DA:4,1
DA:6,1
DA:7,0
DA:10,1
DA:11,0
DA:14,1
DA:15,4
LF:7
LH:5
BRF:0
BRH:0
end_of_record
